<?xml version="1.0" encoding="UTF-8"?>
<!-- Generated by org.testng.reporters.JUnitXMLReporter -->
<testsuite hostname="DESKTOP-Q3OL5F5" ignored="2" name="TC003_orangeHRMApplication" tests="1" failures="0" timestamp="2022-07-21T14:15:28 EDT" time="4.263" errors="0">
  <testcase name="login" time="4.132" classname="testNGConcepts.TC003_orangeHRMApplication"/>
  <testcase name="validateAddBUtton" time="0.0" classname="testNGConcepts.TC003_orangeHRMApplication">
    <ignored/>
  </testcase> <!-- validateAddBUtton -->
  <testcase name="dasboardLink" time="0.0" classname="testNGConcepts.TC003_orangeHRMApplication">
    <ignored/>
  </testcase> <!-- dasboardLink -->
</testsuite> <!-- TC003_orangeHRMApplication -->
