<?xml version="1.0" encoding="UTF-8"?>
<!-- Generated by org.testng.reporters.JUnitXMLReporter -->
<testsuite hostname="DESKTOP-Q3OL5F5" ignored="0" name="TC004_dependenONConcept" tests="3" failures="0" timestamp="2022-07-21T14:15:32 EDT" time="3.26" errors="0">
  <testcase name="login" time="3.234" classname="testNGConcepts.TC004_dependenONConcept"/>
  <testcase name="transfermoney" time="0.003" classname="testNGConcepts.TC004_dependenONConcept"/>
  <testcase name="checkbalance" time="0.001" classname="testNGConcepts.TC004_dependenONConcept"/>
</testsuite> <!-- TC004_dependenONConcept -->
