<?xml version="1.0" encoding="UTF-8"?>
<testng-results skipped="0" failed="0" ignored="0" total="1" passed="1">
  <reporter-output>
  </reporter-output>
  <suite name="Default suite" duration-ms="4132" started-at="2022-07-26T13:15:58 EDT" finished-at="2022-07-26T13:16:03 EDT">
    <groups>
    </groups>
    <test name="Default test" duration-ms="4132" started-at="2022-07-26T13:15:58 EDT" finished-at="2022-07-26T13:16:03 EDT">
      <class name="testNGConcepts.TC003_orangeHRMApplication">
        <test-method status="PASS" signature="login()[pri:0, instance:testNGConcepts.TC003_orangeHRMApplication@1c7e1bb]" name="login" duration-ms="4058" started-at="2022-07-26T13:15:58 EDT" finished-at="2022-07-26T13:16:03 EDT">
          <reporter-output>
          </reporter-output>
        </test-method> <!-- login -->
      </class> <!-- testNGConcepts.TC003_orangeHRMApplication -->
    </test> <!-- Default test -->
  </suite> <!-- Default suite -->
</testng-results>
